0 info it worked if it ends with ok
1 verbose cli [ '/home/devel/.nvm/v0.10.28/bin/node',
1 verbose cli   '/home/devel/.nvm/v0.10.28/bin/npm',
1 verbose cli   'start' ]
2 info using npm@1.4.9
3 info using node@v0.10.28
4 verbose run-script [ 'prestart', 'start', 'poststart' ]
5 info prestart fhirplace-spa-ui@0.0.0
6 info start fhirplace-spa-ui@0.0.0
7 verbose unsafe-perm in lifecycle true
8 info fhirplace-spa-ui@0.0.0 Failed to exec start script
9 error fhirplace-spa-ui@0.0.0 start: `webpack-dev-server --port $PORT --progress --colors`
9 error Exit status 8
10 error Failed at the fhirplace-spa-ui@0.0.0 start script.
10 error This is most likely a problem with the fhirplace-spa-ui package,
10 error not with npm itself.
10 error Tell the author that this fails on your system:
10 error     webpack-dev-server --port $PORT --progress --colors
10 error You can get their info via:
10 error     npm owner ls fhirplace-spa-ui
10 error There is likely additional logging output above.
11 error System Linux 3.13.0-34-generic
12 error command "/home/devel/.nvm/v0.10.28/bin/node" "/home/devel/.nvm/v0.10.28/bin/npm" "start"
13 error cwd /home/devel/fhirface
14 error node -v v0.10.28
15 error npm -v 1.4.9
16 error code ELIFECYCLE
17 verbose exit [ 1, true ]
